<?xml version="1.0" encoding="UTF-8"?>
<!-- Generated by org.testng.reporters.JUnitReportReporter -->
<testsuite hostname="Vijay-PC" failures="0" tests="1" name="com.appauto.tests.HomePage" time="5.268" errors="0" timestamp="2023-07-17T22:09:22 IST" skipped="0">
  <testcase classname="com.appauto.tests.HomePage" name="test2" time="5.268"/>
  <system-out/>
</testsuite> <!-- com.appauto.tests.HomePage -->
